[2025-10-16 01:25:42] ✅ RECOVERY: Token abc123 (owner: user1) has recovered with score 1.0. Token health improved.
[2025-10-16 01:25:42] ✅ RECOVERY: Token ghi789 (owner: user3) has recovered with score 1.0. Token health improved.
[2025-10-16 01:25:42] ⚠️ WARNING: Token 52085750 (owner: HamzaMasood7) is degrading with score 0.25. Reduced survivability detected.
[2025-10-16 01:25:42] DIGEST: Total=6, Healthy=2, Degrading=3, Critical=1, AvgScore=0.625
[2025-10-16 01:56:14] ✅ RECOVERY: Token abc123 (owner: user1) has recovered with score 1.0. Token health improved.
[2025-10-16 01:56:14] ✅ RECOVERY: Token ghi789 (owner: user3) has recovered with score 1.0. Token health improved.
[2025-10-16 01:56:14] ⚠️ WARNING: Token 52085750 (owner: HamzaMasood7) is degrading with score 0.25. Reduced survivability detected.
[2025-10-16 01:56:14] DIGEST: Total=6, Healthy=2, Degrading=3, Critical=1, AvgScore=0.625
[2025-10-17 01:55:04] ✅ RECOVERY: Token abc123 (owner: user1) has recovered with score 1.0. Token health improved.
[2025-10-17 01:55:04] ✅ RECOVERY: Token ghi789 (owner: user3) has recovered with score 1.0. Token health improved.
[2025-10-17 01:55:04] ⚠️ WARNING: Token 52085750 (owner: HamzaMasood7) is degrading with score 0.25. Reduced survivability detected.
[2025-10-17 01:55:04] DIGEST: Total=6, Healthy=2, Degrading=3, Critical=1, AvgScore=0.625
[2025-10-18 01:50:02] ✅ RECOVERY: Token abc123 (owner: user1) has recovered with score 1.0. Token health improved.
[2025-10-18 01:50:02] ✅ RECOVERY: Token ghi789 (owner: user3) has recovered with score 1.0. Token health improved.
[2025-10-18 01:50:02] ⚠️ WARNING: Token 52085750 (owner: HamzaMasood7) is degrading with score 0.25. Reduced survivability detected.
[2025-10-18 01:50:02] DIGEST: Total=6, Healthy=2, Degrading=3, Critical=1, AvgScore=0.625
[2025-10-19 02:08:02] ✅ RECOVERY: Token abc123 (owner: user1) has recovered with score 1.0. Token health improved.
[2025-10-19 02:08:02] ✅ RECOVERY: Token ghi789 (owner: user3) has recovered with score 1.0. Token health improved.
[2025-10-19 02:08:02] ⚠️ WARNING: Token 52085750 (owner: HamzaMasood7) is degrading with score 0.25. Reduced survivability detected.
[2025-10-19 02:08:02] DIGEST: Total=6, Healthy=2, Degrading=3, Critical=1, AvgScore=0.625
[2025-10-20 02:05:10] ✅ RECOVERY: Token abc123 (owner: user1) has recovered with score 1.0. Token health improved.
[2025-10-20 02:05:10] ✅ RECOVERY: Token ghi789 (owner: user3) has recovered with score 1.0. Token health improved.
[2025-10-20 02:05:10] ⚠️ WARNING: Token 52085750 (owner: HamzaMasood7) is degrading with score 0.25. Reduced survivability detected.
[2025-10-20 02:05:10] DIGEST: Total=6, Healthy=2, Degrading=3, Critical=1, AvgScore=0.625
[2025-10-21 01:58:21] ✅ RECOVERY: Token abc123 (owner: user1) has recovered with score 1.0. Token health improved.
[2025-10-21 01:58:21] ✅ RECOVERY: Token ghi789 (owner: user3) has recovered with score 1.0. Token health improved.
[2025-10-21 01:58:21] ⚠️ WARNING: Token 52085750 (owner: HamzaMasood7) is degrading with score 0.25. Reduced survivability detected.
[2025-10-21 01:58:21] DIGEST: Total=6, Healthy=2, Degrading=3, Critical=1, AvgScore=0.625
[2025-10-22 02:01:48] ✅ RECOVERY: Token abc123 (owner: user1) has recovered with score 1.0. Token health improved.
[2025-10-22 02:01:48] ✅ RECOVERY: Token ghi789 (owner: user3) has recovered with score 1.0. Token health improved.
[2025-10-22 02:01:48] ⚠️ WARNING: Token 52085750 (owner: HamzaMasood7) is degrading with score 0.25. Reduced survivability detected.
[2025-10-22 02:01:48] DIGEST: Total=6, Healthy=2, Degrading=3, Critical=1, AvgScore=0.625
[2025-10-23 01:57:00] ✅ RECOVERY: Token abc123 (owner: user1) has recovered with score 1.0. Token health improved.
[2025-10-23 01:57:00] ✅ RECOVERY: Token ghi789 (owner: user3) has recovered with score 1.0. Token health improved.
[2025-10-23 01:57:00] ⚠️ WARNING: Token 52085750 (owner: HamzaMasood7) is degrading with score 0.25. Reduced survivability detected.
[2025-10-23 01:57:00] DIGEST: Total=6, Healthy=2, Degrading=3, Critical=1, AvgScore=0.625
[2025-10-24 01:53:01] ✅ RECOVERY: Token abc123 (owner: user1) has recovered with score 1.0. Token health improved.
[2025-10-24 01:53:01] ✅ RECOVERY: Token ghi789 (owner: user3) has recovered with score 1.0. Token health improved.
[2025-10-24 01:53:01] ⚠️ WARNING: Token 52085750 (owner: HamzaMasood7) is degrading with score 0.25. Reduced survivability detected.
[2025-10-24 01:53:01] DIGEST: Total=6, Healthy=2, Degrading=3, Critical=1, AvgScore=0.625
[2025-10-25 01:54:51] ✅ RECOVERY: Token abc123 (owner: user1) has recovered with score 1.0. Token health improved.
[2025-10-25 01:54:51] ✅ RECOVERY: Token ghi789 (owner: user3) has recovered with score 1.0. Token health improved.
[2025-10-25 01:54:51] ⚠️ WARNING: Token 52085750 (owner: HamzaMasood7) is degrading with score 0.25. Reduced survivability detected.
[2025-10-25 01:54:51] DIGEST: Total=6, Healthy=2, Degrading=3, Critical=1, AvgScore=0.625
[2025-10-26 02:04:00] ✅ RECOVERY: Token abc123 (owner: user1) has recovered with score 1.0. Token health improved.
[2025-10-26 02:04:00] ✅ RECOVERY: Token ghi789 (owner: user3) has recovered with score 1.0. Token health improved.
[2025-10-26 02:04:00] ⚠️ WARNING: Token 52085750 (owner: HamzaMasood7) is degrading with score 0.25. Reduced survivability detected.
[2025-10-26 02:04:00] DIGEST: Total=6, Healthy=2, Degrading=3, Critical=1, AvgScore=0.625
[2025-10-27 02:08:11] ✅ RECOVERY: Token abc123 (owner: user1) has recovered with score 1.0. Token health improved.
[2025-10-27 02:08:11] ✅ RECOVERY: Token ghi789 (owner: user3) has recovered with score 1.0. Token health improved.
[2025-10-27 02:08:11] ⚠️ WARNING: Token 52085750 (owner: HamzaMasood7) is degrading with score 0.25. Reduced survivability detected.
[2025-10-27 02:08:11] DIGEST: Total=6, Healthy=2, Degrading=3, Critical=1, AvgScore=0.625
[2025-10-28 01:57:34] ✅ RECOVERY: Token abc123 (owner: user1) has recovered with score 1.0. Token health improved.
[2025-10-28 01:57:34] ✅ RECOVERY: Token ghi789 (owner: user3) has recovered with score 1.0. Token health improved.
[2025-10-28 01:57:34] ⚠️ WARNING: Token 52085750 (owner: HamzaMasood7) is degrading with score 0.25. Reduced survivability detected.
[2025-10-28 01:57:34] DIGEST: Total=6, Healthy=2, Degrading=3, Critical=1, AvgScore=0.625
[2025-10-29 02:04:47] ✅ RECOVERY: Token abc123 (owner: user1) has recovered with score 1.0. Token health improved.
[2025-10-29 02:04:47] ✅ RECOVERY: Token ghi789 (owner: user3) has recovered with score 1.0. Token health improved.
[2025-10-29 02:04:47] ⚠️ WARNING: Token 52085750 (owner: HamzaMasood7) is degrading with score 0.25. Reduced survivability detected.
[2025-10-29 02:04:47] DIGEST: Total=6, Healthy=2, Degrading=3, Critical=1, AvgScore=0.625
[2025-10-30 02:03:41] ✅ RECOVERY: Token abc123 (owner: user1) has recovered with score 1.0. Token health improved.
[2025-10-30 02:03:41] ✅ RECOVERY: Token ghi789 (owner: user3) has recovered with score 1.0. Token health improved.
[2025-10-30 02:03:41] ⚠️ WARNING: Token 52085750 (owner: HamzaMasood7) is degrading with score 0.25. Reduced survivability detected.
[2025-10-30 02:03:41] DIGEST: Total=6, Healthy=2, Degrading=3, Critical=1, AvgScore=0.625
[2025-10-30 23:20:00] ⚠️ WARNING: Token abc123 (owner: user1) is degrading with score 0.3. Reduced survivability detected.
[2025-10-30 23:20:00] 🚨 CRITICAL: Token def456 (owner: user2) is in critical state with score 0.15. Immediate action required!
[2025-10-30 23:20:00] ⚠️ WARNING: Token ghi789 (owner: user3) is degrading with score 0.3. Reduced survivability detected.
[2025-10-30 23:20:00] ✅ RECOVERY: Token 133033842 (owner: hamzaMasood-7) has recovered with score 0.9. Token health improved.
[2025-10-30 23:20:00] ✅ RECOVERY: Token 115296346 (owner: Muhammad-Usman-cs) has recovered with score 0.9. Token health improved.
[2025-10-30 23:20:00] DIGEST: Total=6, Healthy=2, Degrading=1, Critical=3, AvgScore=0.525
